<?xml version="1.0" encoding="UTF-8"?>
<!-- Generated by org.testng.reporters.JUnitReportReporter -->
<testsuite skipped="0" hostname="lenovo-PC" name="com.app.Test2" tests="1" failures="0" timestamp="21 Dec 2018 08:43:49 GMT" time="0.008" errors="0">
  <testcase name="b1" time="0.008" classname="com.app.Test2"/>
</testsuite> <!-- com.app.Test2 -->
