<?xml version="1.0" encoding="UTF-8"?>
<!-- Generated by org.testng.reporters.JUnitReportReporter -->
<testsuite skipped="0" hostname="lenovo-PC" name="com.codebind.Test1" tests="1" failures="0" timestamp="21 Dec 2018 08:46:51 GMT" time="0.010" errors="0">
  <testcase name="a1" time="0.010" classname="com.codebind.Test1"/>
</testsuite> <!-- com.codebind.Test1 -->
